<?xml version="1.0" encoding="UTF-8"?>
<robot generator="Robot 4.1.3 (Python 3.8.10 on win32)" generated="20220323 23:26:12.406" rpa="false" schemaversion="2">
<suite id="s1" name="Officemate01" source="C:\Users\teeti\OneDrive\Documents\GitHub\Robot_Officemate01\Robot_Officemate01\officemate01.robot">
<test id="s1-t1" name="TC01 Verify Search with &quot;Post It&quot;">
<kw name="Open Browser" library="SeleniumLibrary">
<arg>https://www.officemate.co.th/en</arg>
<arg>chrome</arg>
<doc>Opens a new browser instance to the optional ``url``.</doc>
<msg timestamp="20220323 23:26:13.002" level="INFO">Opening browser 'chrome' to base url 'https://www.officemate.co.th/en'.</msg>
<status status="PASS" starttime="20220323 23:26:12.999" endtime="20220323 23:26:42.381"/>
</kw>
<kw name="Input Text" library="SeleniumLibrary">
<arg>xpath://input[@data-testid='txt-SearchBar']</arg>
<arg>Post It</arg>
<doc>Types the given ``text`` into the text field identified by ``locator``.</doc>
<msg timestamp="20220323 23:26:42.425" level="INFO">Typing text 'Post It' into text field 'xpath://input[@data-testid='txt-SearchBar']'.</msg>
<status status="PASS" starttime="20220323 23:26:42.424" endtime="20220323 23:26:43.968"/>
</kw>
<kw name="Click Element" library="SeleniumLibrary">
<arg>xpath://div[@id='btn-searchResultPage']</arg>
<doc>Click the element identified by ``locator``.</doc>
<msg timestamp="20220323 23:26:44.010" level="INFO">Clicking element 'xpath://div[@id='btn-searchResultPage']'.</msg>
<status status="PASS" starttime="20220323 23:26:44.009" endtime="20220323 23:26:45.293"/>
</kw>
<kw name="Wait Until Element Is Visible" library="SeleniumLibrary">
<arg>xpath://div[@data-testid='pnl-ListPage']</arg>
<doc>Waits until the element ``locator`` is visible.</doc>
<status status="PASS" starttime="20220323 23:26:45.294" endtime="20220323 23:26:46.004"/>
</kw>
<kw name="Capture Page Screenshot" library="SeleniumLibrary">
<doc>Takes a screenshot of the current page and embeds it into a log file.</doc>
<msg timestamp="20220323 23:26:46.288" level="INFO" html="true">&lt;/td&gt;&lt;/tr&gt;&lt;tr&gt;&lt;td colspan="3"&gt;&lt;a href="selenium-screenshot-66.png"&gt;&lt;img src="selenium-screenshot-66.png" width="800px"&gt;&lt;/a&gt;</msg>
<status status="PASS" starttime="20220323 23:26:46.009" endtime="20220323 23:26:46.288"/>
</kw>
<kw name="Wait Until Location Is Not" library="SeleniumLibrary">
<arg>https://www.officemate.co.th/en</arg>
<arg>20</arg>
<doc>Waits until the current URL is not ``location``.</doc>
<status status="PASS" starttime="20220323 23:26:46.301" endtime="20220323 23:26:46.346"/>
</kw>
<kw name="Go Back" library="SeleniumLibrary">
<doc>Simulates the user clicking the back button on their browser.</doc>
<status status="PASS" starttime="20220323 23:26:46.347" endtime="20220323 23:26:49.928"/>
</kw>
<status status="PASS" starttime="20220323 23:26:12.996" endtime="20220323 23:26:49.938"/>
</test>
<test id="s1-t2" name="TC02 Verify Search with SKU: MKP0344596">
<kw name="Input Text" library="SeleniumLibrary">
<arg>xpath://input[@data-testid='txt-SearchBar']</arg>
<arg>MKP0344596</arg>
<doc>Types the given ``text`` into the text field identified by ``locator``.</doc>
<msg timestamp="20220323 23:26:49.943" level="INFO">Typing text 'MKP0344596' into text field 'xpath://input[@data-testid='txt-SearchBar']'.</msg>
<status status="PASS" starttime="20220323 23:26:49.942" endtime="20220323 23:26:52.224"/>
</kw>
<kw name="Click Element" library="SeleniumLibrary">
<arg>xpath://div[@id='btn-searchResultPage']</arg>
<doc>Click the element identified by ``locator``.</doc>
<msg timestamp="20220323 23:26:52.225" level="INFO">Clicking element 'xpath://div[@id='btn-searchResultPage']'.</msg>
<status status="PASS" starttime="20220323 23:26:52.224" endtime="20220323 23:26:53.328"/>
</kw>
<kw name="Wait Until Element Is Visible" library="SeleniumLibrary">
<arg>xpath://div[@data-testid='pnl-ListPage']</arg>
<doc>Waits until the element ``locator`` is visible.</doc>
<status status="PASS" starttime="20220323 23:26:53.329" endtime="20220323 23:26:53.410"/>
</kw>
<kw name="Capture Page Screenshot" library="SeleniumLibrary">
<doc>Takes a screenshot of the current page and embeds it into a log file.</doc>
<msg timestamp="20220323 23:26:54.052" level="INFO" html="true">&lt;/td&gt;&lt;/tr&gt;&lt;tr&gt;&lt;td colspan="3"&gt;&lt;a href="selenium-screenshot-67.png"&gt;&lt;img src="selenium-screenshot-67.png" width="800px"&gt;&lt;/a&gt;</msg>
<status status="PASS" starttime="20220323 23:26:53.412" endtime="20220323 23:26:54.052"/>
</kw>
<status status="PASS" starttime="20220323 23:26:49.941" endtime="20220323 23:26:54.063"/>
</test>
<test id="s1-t3" name="TC03 Verify Search popup result">
<kw name="Input Text" library="SeleniumLibrary">
<arg>xpath://input[@data-testid='txt-SearchBar']</arg>
<arg>Post It</arg>
<doc>Types the given ``text`` into the text field identified by ``locator``.</doc>
<msg timestamp="20220323 23:26:54.067" level="INFO">Typing text 'Post It' into text field 'xpath://input[@data-testid='txt-SearchBar']'.</msg>
<status status="PASS" starttime="20220323 23:26:54.066" endtime="20220323 23:26:54.580"/>
</kw>
<kw name="Wait Until Element Is Visible" library="SeleniumLibrary">
<arg>xpath://div[@data-testid='pnl-ListPage']</arg>
<doc>Waits until the element ``locator`` is visible.</doc>
<status status="PASS" starttime="20220323 23:26:54.581" endtime="20220323 23:26:54.618"/>
</kw>
<kw name="Capture Page Screenshot" library="SeleniumLibrary">
<doc>Takes a screenshot of the current page and embeds it into a log file.</doc>
<msg timestamp="20220323 23:26:54.851" level="INFO" html="true">&lt;/td&gt;&lt;/tr&gt;&lt;tr&gt;&lt;td colspan="3"&gt;&lt;a href="selenium-screenshot-68.png"&gt;&lt;img src="selenium-screenshot-68.png" width="800px"&gt;&lt;/a&gt;</msg>
<status status="PASS" starttime="20220323 23:26:54.624" endtime="20220323 23:26:54.851"/>
</kw>
<status status="PASS" starttime="20220323 23:26:54.065" endtime="20220323 23:26:54.857"/>
</test>
<test id="s1-t4" name="TC04 Verify Search with xxxxxxxxxx and not found">
<kw name="Input Text" library="SeleniumLibrary">
<arg>xpath://input[@data-testid='txt-SearchBar']</arg>
<arg>xxxxxxxxxx</arg>
<doc>Types the given ``text`` into the text field identified by ``locator``.</doc>
<msg timestamp="20220323 23:26:54.869" level="INFO">Typing text 'xxxxxxxxxx' into text field 'xpath://input[@data-testid='txt-SearchBar']'.</msg>
<status status="PASS" starttime="20220323 23:26:54.869" endtime="20220323 23:26:55.556"/>
</kw>
<kw name="Click Element" library="SeleniumLibrary">
<arg>xpath://div[@id='btn-searchResultPage']</arg>
<doc>Click the element identified by ``locator``.</doc>
<msg timestamp="20220323 23:26:55.558" level="INFO">Clicking element 'xpath://div[@id='btn-searchResultPage']'.</msg>
<status status="PASS" starttime="20220323 23:26:55.557" endtime="20220323 23:26:56.211"/>
</kw>
<kw name="Wait Until Element Is Visible" library="SeleniumLibrary">
<arg>//*[@id="pnl-listPageNotFound"]</arg>
<doc>Waits until the element ``locator`` is visible.</doc>
<status status="PASS" starttime="20220323 23:26:56.215" endtime="20220323 23:26:57.341"/>
</kw>
<kw name="Capture Page Screenshot" library="SeleniumLibrary">
<doc>Takes a screenshot of the current page and embeds it into a log file.</doc>
<msg timestamp="20220323 23:26:57.718" level="INFO" html="true">&lt;/td&gt;&lt;/tr&gt;&lt;tr&gt;&lt;td colspan="3"&gt;&lt;a href="selenium-screenshot-69.png"&gt;&lt;img src="selenium-screenshot-69.png" width="800px"&gt;&lt;/a&gt;</msg>
<status status="PASS" starttime="20220323 23:26:57.342" endtime="20220323 23:26:57.718"/>
</kw>
<status status="PASS" starttime="20220323 23:26:54.867" endtime="20220323 23:26:57.730"/>
</test>
<test id="s1-t5" name="TC05 Verify Search with % and not found (Failed)">
<kw name="Input Text" library="SeleniumLibrary">
<arg>xpath://input[@data-testid='txt-SearchBar']</arg>
<arg>%</arg>
<doc>Types the given ``text`` into the text field identified by ``locator``.</doc>
<msg timestamp="20220323 23:26:57.745" level="INFO">Typing text '%' into text field 'xpath://input[@data-testid='txt-SearchBar']'.</msg>
<status status="PASS" starttime="20220323 23:26:57.745" endtime="20220323 23:26:58.153"/>
</kw>
<kw name="Click Element" library="SeleniumLibrary">
<arg>xpath://div[@id='btn-searchResultPage']</arg>
<doc>Click the element identified by ``locator``.</doc>
<msg timestamp="20220323 23:26:58.154" level="INFO">Clicking element 'xpath://div[@id='btn-searchResultPage']'.</msg>
<status status="PASS" starttime="20220323 23:26:58.153" endtime="20220323 23:27:00.471"/>
</kw>
<kw name="Wait Until Element Is Visible" library="SeleniumLibrary">
<arg>//*[@id="pnl-listPageNotFound"]</arg>
<doc>Waits until the element ``locator`` is visible.</doc>
<msg timestamp="20220323 23:27:05.759" level="INFO" html="true">&lt;/td&gt;&lt;/tr&gt;&lt;tr&gt;&lt;td colspan="3"&gt;&lt;a href="selenium-screenshot-70.png"&gt;&lt;img src="selenium-screenshot-70.png" width="800px"&gt;&lt;/a&gt;</msg>
<msg timestamp="20220323 23:27:05.763" level="FAIL">Element '//*[@id="pnl-listPageNotFound"]' not visible after 5 seconds.</msg>
<status status="FAIL" starttime="20220323 23:27:00.482" endtime="20220323 23:27:05.763"/>
</kw>
<kw name="Capture Page Screenshot" library="SeleniumLibrary">
<doc>Takes a screenshot of the current page and embeds it into a log file.</doc>
<status status="NOT RUN" starttime="20220323 23:27:05.767" endtime="20220323 23:27:05.767"/>
</kw>
<status status="FAIL" starttime="20220323 23:26:57.743" endtime="20220323 23:27:05.768">Element '//*[@id="pnl-listPageNotFound"]' not visible after 5 seconds.</status>
</test>
<status status="FAIL" starttime="20220323 23:26:12.410" endtime="20220323 23:27:05.771"/>
</suite>
<statistics>
<total>
<stat pass="4" fail="1" skip="0">All Tests</stat>
</total>
<tag>
</tag>
<suite>
<stat pass="4" fail="1" skip="0" id="s1" name="Officemate01">Officemate01</stat>
</suite>
</statistics>
<errors>
</errors>
</robot>
