<?xml version="1.0" encoding="UTF-8"?>
<robot generator="Robot 4.1.3 (Python 3.8.10 on win32)" generated="20220322 23:39:47.815" rpa="false" schemaversion="2">
<suite id="s1" name="Officemate01" source="C:\Users\teeti\OneDrive\Documents\GitHub\Robot_Officemate01\Robot_Officemate01\officemate01.robot">
<test id="s1-t1" name="Search with &quot;Post It&quot;">
<kw name="Open Browser" library="SeleniumLibrary">
<arg>https://www.officemate.co.th/en</arg>
<arg>chrome</arg>
<doc>Opens a new browser instance to the optional ``url``.</doc>
<msg timestamp="20220322 23:39:48.210" level="INFO">Opening browser 'chrome' to base url 'https://www.officemate.co.th/en'.</msg>
<status status="PASS" starttime="20220322 23:39:48.210" endtime="20220322 23:39:56.916"/>
</kw>
<kw name="Input Text" library="SeleniumLibrary">
<arg>xpath://input[@data-testid='txt-SearchBar']</arg>
<arg>Post It</arg>
<doc>Types the given ``text`` into the text field identified by ``locator``.</doc>
<msg timestamp="20220322 23:39:56.917" level="INFO">Typing text 'Post It' into text field 'xpath://input[@data-testid='txt-SearchBar']'.</msg>
<status status="PASS" starttime="20220322 23:39:56.916" endtime="20220322 23:39:59.183"/>
</kw>
<kw name="Click Element" library="SeleniumLibrary">
<arg>xpath://div[@id='btn-searchResultPage']</arg>
<doc>Click the element identified by ``locator``.</doc>
<msg timestamp="20220322 23:39:59.190" level="INFO">Clicking element 'xpath://div[@id='btn-searchResultPage']'.</msg>
<status status="PASS" starttime="20220322 23:39:59.189" endtime="20220322 23:40:00.044"/>
</kw>
<status status="PASS" starttime="20220322 23:39:48.209" endtime="20220322 23:40:00.047"/>
</test>
<status status="PASS" starttime="20220322 23:39:47.817" endtime="20220322 23:40:00.050"/>
</suite>
<statistics>
<total>
<stat pass="1" fail="0" skip="0">All Tests</stat>
</total>
<tag>
</tag>
<suite>
<stat pass="1" fail="0" skip="0" id="s1" name="Officemate01">Officemate01</stat>
</suite>
</statistics>
<errors>
</errors>
</robot>
